0 info it worked if it ends with ok
1 verbose cli [ 'node', '/usr/bin/npm', 'install', '--save', 'request' ]
2 info using npm@2.2.0
3 info using node@v0.10.35
4 verbose node symlink /usr/bin/node
5 warn package.json HoneyBunches@1.0.0 No description
6 silly cache add args [ 'request@^2.55.0', null ]
7 verbose cache add spec request@^2.55.0
8 silly cache add parsed spec { raw: 'request@^2.55.0',
8 silly cache add   scope: null,
8 silly cache add   name: 'request',
8 silly cache add   rawSpec: '^2.55.0',
8 silly cache add   spec: '>=2.55.0 <3.0.0',
8 silly cache add   type: 'range' }
9 verbose addNamed request@>=2.55.0 <3.0.0
10 silly addNamed semver.valid null
11 silly addNamed semver.validRange >=2.55.0 <3.0.0
12 silly addNameRange { name: 'request', range: '>=2.55.0 <3.0.0', hasData: false }
13 silly mapToRegistry name request
14 silly mapToRegistry using default registry
15 silly mapToRegistry registry https://registry.npmjs.org/
16 silly mapToRegistry uri https://registry.npmjs.org/request
17 verbose addNameRange registry:https://registry.npmjs.org/request not in flight; fetching
18 verbose request uri https://registry.npmjs.org/request
19 verbose request no auth needed
20 info attempt registry request try #1 at 16:29:32
21 verbose request id 9d280ff526d339d2
22 verbose etag "42SAIQRYRPHBXM2NBMG3TLNGN"
23 http request GET https://registry.npmjs.org/request
24 http 304 https://registry.npmjs.org/request
25 silly get cb [ 304,
25 silly get   { date: 'Tue, 07 Apr 2015 20:29:32 GMT',
25 silly get     server: 'Apache',
25 silly get     via: '1.1 varnish',
25 silly get     'last-modified': 'Tue, 07 Apr 2015 20:29:32 GMT',
25 silly get     'cache-control': 'max-age=60',
25 silly get     etag: '"42SAIQRYRPHBXM2NBMG3TLNGN"',
25 silly get     age: '10',
25 silly get     'x-served-by': 'cache-jfk1035-JFK',
25 silly get     'x-cache': 'HIT',
25 silly get     'x-cache-hits': '1',
25 silly get     'x-timer': 'S1428438572.469758,VS0,VE1',
25 silly get     vary: 'Accept',
25 silly get     'content-length': '0',
25 silly get     'keep-alive': 'timeout=10, max=50',
25 silly get     connection: 'Keep-Alive' } ]
26 verbose etag https://registry.npmjs.org/request from cache
27 silly addNameRange number 2 { name: 'request', range: '>=2.55.0 <3.0.0', hasData: true }
28 silly addNameRange versions [ 'request',
28 silly addNameRange   [ '0.10.0',
28 silly addNameRange     '0.8.3',
28 silly addNameRange     '0.9.0',
28 silly addNameRange     '0.9.1',
28 silly addNameRange     '0.9.5',
28 silly addNameRange     '1.0.0',
28 silly addNameRange     '1.1.0',
28 silly addNameRange     '1.1.1',
28 silly addNameRange     '1.2.0',
28 silly addNameRange     '1.9.0',
28 silly addNameRange     '1.9.1',
28 silly addNameRange     '1.9.2',
28 silly addNameRange     '1.9.3',
28 silly addNameRange     '1.9.5',
28 silly addNameRange     '1.9.7',
28 silly addNameRange     '1.9.8',
28 silly addNameRange     '1.9.9',
28 silly addNameRange     '2.0.0',
28 silly addNameRange     '2.0.1',
28 silly addNameRange     '2.0.2',
28 silly addNameRange     '2.0.3',
28 silly addNameRange     '2.0.4',
28 silly addNameRange     '2.0.5',
28 silly addNameRange     '2.1.0',
28 silly addNameRange     '2.1.1',
28 silly addNameRange     '2.2.0',
28 silly addNameRange     '2.2.5',
28 silly addNameRange     '2.2.6',
28 silly addNameRange     '2.2.9',
28 silly addNameRange     '2.9.0',
28 silly addNameRange     '2.9.1',
28 silly addNameRange     '2.9.2',
28 silly addNameRange     '2.9.3',
28 silly addNameRange     '2.9.100',
28 silly addNameRange     '2.9.150',
28 silly addNameRange     '2.9.151',
28 silly addNameRange     '2.9.152',
28 silly addNameRange     '2.9.153',
28 silly addNameRange     '2.9.200',
28 silly addNameRange     '2.9.201',
28 silly addNameRange     '2.9.202',
28 silly addNameRange     '2.9.203',
28 silly addNameRange     '2.10.0',
28 silly addNameRange     '2.11.0',
28 silly addNameRange     '2.11.1',
28 silly addNameRange     '2.11.2',
28 silly addNameRange     '2.11.3',
28 silly addNameRange     '2.11.4',
28 silly addNameRange     '2.12.0',
28 silly addNameRange     '2.14.0',
28 silly addNameRange     '2.16.0',
28 silly addNameRange     '2.16.2',
28 silly addNameRange     '2.16.4',
28 silly addNameRange     '2.16.6',
28 silly addNameRange     '2.18.0',
28 silly addNameRange     '2.19.0',
28 silly addNameRange     '2.20.0',
28 silly addNameRange     '2.21.0',
28 silly addNameRange     '2.22.0',
28 silly addNameRange     '2.23.0',
28 silly addNameRange     '2.24.0',
28 silly addNameRange     '2.25.0',
28 silly addNameRange     '2.26.0',
28 silly addNameRange     '2.27.0',
28 silly addNameRange     '2.28.0',
28 silly addNameRange     '2.29.0',
28 silly addNameRange     '2.30.0',
28 silly addNameRange     '2.31.0',
28 silly addNameRange     '2.32.0',
28 silly addNameRange     '2.33.0',
28 silly addNameRange     '2.34.0',
28 silly addNameRange     '2.35.0',
28 silly addNameRange     '2.36.0',
28 silly addNameRange     '2.37.0',
28 silly addNameRange     '2.38.0',
28 silly addNameRange     '2.39.0',
28 silly addNameRange     '2.40.0',
28 silly addNameRange     '2.41.0',
28 silly addNameRange     '2.42.0',
28 silly addNameRange     '2.43.0',
28 silly addNameRange     '2.44.0',
28 silly addNameRange     '2.45.0',
28 silly addNameRange     '2.46.0',
28 silly addNameRange     '2.47.0',
28 silly addNameRange     '2.48.0',
28 silly addNameRange     '2.49.0',
28 silly addNameRange     '2.50.0',
28 silly addNameRange     '2.51.0',
28 silly addNameRange     '2.52.0',
28 silly addNameRange     '2.53.0',
28 silly addNameRange     '2.54.0',
28 silly addNameRange     '2.55.0' ] ]
29 verbose addNamed request@2.55.0
30 silly addNamed semver.valid 2.55.0
31 silly addNamed semver.validRange 2.55.0
32 silly cache afterAdd request@2.55.0
33 verbose afterAdd /home/mrichardson/.npm/request/2.55.0/package/package.json not in flight; writing
34 verbose afterAdd /home/mrichardson/.npm/request/2.55.0/package/package.json written
35 silly install resolved [ { name: 'request',
35 silly install resolved     description: 'Simplified HTTP request client.',
35 silly install resolved     tags: [ 'http', 'simple', 'util', 'utility' ],
35 silly install resolved     version: '2.55.0',
35 silly install resolved     author: { name: 'Mikeal Rogers', email: 'mikeal.rogers@gmail.com' },
35 silly install resolved     repository: { type: 'git', url: 'https://github.com/request/request.git' },
35 silly install resolved     bugs: { url: 'http://github.com/request/request/issues' },
35 silly install resolved     license: 'Apache-2.0',
35 silly install resolved     engines: { node: '>=0.8.0' },
35 silly install resolved     main: 'index.js',
35 silly install resolved     dependencies:
35 silly install resolved      { bl: '~0.9.0',
35 silly install resolved        caseless: '~0.9.0',
35 silly install resolved        'forever-agent': '~0.6.0',
35 silly install resolved        'form-data': '~0.2.0',
35 silly install resolved        'json-stringify-safe': '~5.0.0',
35 silly install resolved        'mime-types': '~2.0.1',
35 silly install resolved        'node-uuid': '~1.4.0',
35 silly install resolved        qs: '~2.4.0',
35 silly install resolved        'tunnel-agent': '~0.4.0',
35 silly install resolved        'tough-cookie': '>=0.12.0',
35 silly install resolved        'http-signature': '~0.10.0',
35 silly install resolved        'oauth-sign': '~0.6.0',
35 silly install resolved        hawk: '~2.3.0',
35 silly install resolved        'aws-sign2': '~0.5.0',
35 silly install resolved        stringstream: '~0.0.4',
35 silly install resolved        'combined-stream': '~0.0.5',
35 silly install resolved        isstream: '~0.1.1',
35 silly install resolved        'har-validator': '^1.4.0' },
35 silly install resolved     scripts:
35 silly install resolved      { test: 'npm run lint && node node_modules/.bin/taper tests/test-*.js && npm run test-browser',
35 silly install resolved        'test-browser': 'node tests/browser/start.js',
35 silly install resolved        lint: 'node node_modules/.bin/eslint lib/ *.js tests/ && echo Lint passed.' },
35 silly install resolved     devDependencies:
35 silly install resolved      { browserify: '~5.9.1',
35 silly install resolved        'browserify-istanbul': '~0.1.3',
35 silly install resolved        coveralls: '~2.11.2',
35 silly install resolved        eslint: '0.17.1',
35 silly install resolved        'function-bind': '~1.0.0',
35 silly install resolved        istanbul: '~0.3.2',
35 silly install resolved        karma: '~0.12.21',
35 silly install resolved        'karma-browserify': '~3.0.1',
35 silly install resolved        'karma-cli': '0.0.4',
35 silly install resolved        'karma-coverage': '0.2.6',
35 silly install resolved        'karma-phantomjs-launcher': '~0.1.4',
35 silly install resolved        'karma-tap': '~1.0.1',
35 silly install resolved        rimraf: '~2.2.8',
35 silly install resolved        'server-destroy': '~1.0.0',
35 silly install resolved        tape: '~3.0.0',
35 silly install resolved        taper: '~0.4.0',
35 silly install resolved        bluebird: '~2.9.21' },
35 silly install resolved     gitHead: 'b6000376387db12d0c2d7ed9ee87b0ba123e36dc',
35 silly install resolved     homepage: 'https://github.com/request/request',
35 silly install resolved     _id: 'request@2.55.0',
35 silly install resolved     _shasum: 'd75c1cdf679d76bb100f9bffe1fe551b5c24e93d',
35 silly install resolved     _from: 'request@>=2.55.0 <3.0.0',
35 silly install resolved     _npmVersion: '1.4.28',
35 silly install resolved     _npmUser: { name: 'simov', email: 'simeonvelichkov@gmail.com' },
35 silly install resolved     maintainers: [ [Object], [Object], [Object], [Object] ],
35 silly install resolved     dist:
35 silly install resolved      { shasum: 'd75c1cdf679d76bb100f9bffe1fe551b5c24e93d',
35 silly install resolved        tarball: 'http://registry.npmjs.org/request/-/request-2.55.0.tgz' },
35 silly install resolved     directories: {},
35 silly install resolved     _resolved: 'https://registry.npmjs.org/request/-/request-2.55.0.tgz',
35 silly install resolved     readme: 'ERROR: No README data found!' } ]
36 info install request@2.55.0 into /home/mrichardson/Documents/HoneyBunches
37 info installOne request@2.55.0
38 verbose installOne of request to /home/mrichardson/Documents/HoneyBunches not in flight; installing
39 warn locking Error: EACCES, open '/home/mrichardson/.npm/_locks/request-4fe78018c84e4f5d.lock'
39 warn locking  /home/mrichardson/.npm/_locks/request-4fe78018c84e4f5d.lock failed { [Error: EACCES, open '/home/mrichardson/.npm/_locks/request-4fe78018c84e4f5d.lock']
39 warn locking   errno: 3,
39 warn locking   code: 'EACCES',
39 warn locking   path: '/home/mrichardson/.npm/_locks/request-4fe78018c84e4f5d.lock' }
40 verbose stack Error: Attempt to unlock /home/mrichardson/Documents/HoneyBunches/node_modules/request, which hasn't been locked
40 verbose stack     at unlock (/usr/lib/node_modules/npm/lib/utils/locker.js:66:11)
40 verbose stack     at cb (/usr/lib/node_modules/npm/lib/install.js:929:5)
40 verbose stack     at /usr/lib/node_modules/npm/lib/install.js:933:20
40 verbose stack     at /usr/lib/node_modules/npm/lib/utils/locker.js:40:9
40 verbose stack     at cb (/usr/lib/node_modules/npm/node_modules/lockfile/lockfile.js:149:38)
40 verbose stack     at /usr/lib/node_modules/npm/node_modules/lockfile/lockfile.js:177:38
40 verbose stack     at Object.oncomplete (fs.js:108:15)
41 verbose cwd /home/mrichardson/Documents/HoneyBunches
42 error Linux 3.8.0-29-generic
43 error argv "node" "/usr/bin/npm" "install" "--save" "request"
44 error node v0.10.35
45 error npm  v2.2.0
46 error Attempt to unlock /home/mrichardson/Documents/HoneyBunches/node_modules/request, which hasn't been locked
47 error If you need help, you may report this error at:
47 error     <http://github.com/npm/npm/issues>
48 verbose exit [ 1, true ]
